<?xml version="1.0" encoding="UTF-8"?>
<!-- Generated by org.testng.reporters.JUnitReportReporter -->
<testsuite hostname="102416-SEC8-EGalang" failures="0" tests="3" name="com.testcases.SampleTest" time="0.019" errors="0" timestamp="2023-02-27T20:56:34 PST" skipped="0">
  <testcase classname="com.testcases.SampleTest" name="TC_3" time="0.007"/>
  <system-out/>
  <testcase classname="com.testcases.SampleTest" name="TC_2" time="0.003"/>
  <system-out/>
  <testcase classname="com.testcases.SampleTest" name="TC_1" time="0.009"/>
  <system-out/>
</testsuite> <!-- com.testcases.SampleTest -->
