<?xml version="1.0" encoding="UTF-8"?>
<!-- Generated by org.testng.reporters.JUnitReportReporter -->
<testsuite hostname="102416-SEC8-EGalang" failures="0" tests="3" name="com.testcases.SampleTest" time="0.035" errors="0" timestamp="2023-02-27T16:39:49 PST" skipped="0">
  <testcase classname="com.testcases.SampleTest" name="TC_3" time="0.002"/>
  <system-out/>
  <testcase classname="com.testcases.SampleTest" name="TC_1" time="0.027"/>
  <system-out/>
  <testcase classname="com.testcases.SampleTest" name="TC_2" time="0.006"/>
  <system-out/>
</testsuite> <!-- com.testcases.SampleTest -->
